2025-05-02 21:04:53,659 INFO: YOLO model loaded successfully [in C:\Users\askik\Desktop\Phone_detection\app.py:50]
2025-05-02 21:05:03,714 INFO: YOLO model loaded successfully [in C:\Users\askik\Desktop\Phone_detection\app.py:50]
2025-05-02 21:05:43,346 INFO: YOLO model loaded successfully [in C:\Users\askik\Desktop\Phone_detection\app.py:50]
2025-05-02 21:06:20,411 INFO: YOLO model loaded successfully [in C:\Users\askik\Desktop\Phone_detection\app.py:52]
2025-05-02 21:06:33,217 INFO: YOLO model loaded successfully [in C:\Users\askik\Desktop\Phone_detection\app.py:52]
2025-05-02 21:06:42,681 INFO: YOLO model loaded successfully [in C:\Users\askik\Desktop\Phone_detection\app.py:52]
2025-05-02 21:07:19,528 INFO: YOLO model loaded successfully [in C:\Users\askik\Desktop\Phone_detection\app.py:52]
2025-05-02 21:07:54,554 INFO: YOLO model loaded successfully [in C:\Users\askik\Desktop\Phone_detection\app.py:52]
2025-05-02 21:08:22,582 INFO: YOLO model loaded successfully [in C:\Users\askik\Desktop\Phone_detection\app.py:52]
2025-05-02 21:08:32,227 INFO: YOLO model loaded successfully [in C:\Users\askik\Desktop\Phone_detection\app.py:52]
2025-05-02 21:08:43,449 INFO: YOLO model loaded successfully [in C:\Users\askik\Desktop\Phone_detection\app.py:52]
2025-05-02 21:09:16,929 INFO: YOLO model loaded successfully [in C:\Users\askik\Desktop\Phone_detection\app.py:52]
2025-05-02 21:10:03,065 INFO: YOLO model loaded successfully [in C:\Users\askik\Desktop\Phone_detection\app.py:52]
2025-05-02 21:10:43,115 INFO: YOLO model loaded successfully [in C:\Users\askik\Desktop\Phone_detection\app.py:52]
2025-05-02 21:12:55,405 INFO: YOLO model loaded successfully [in C:\Users\askik\Desktop\Phone_detection\app.py:52]
2025-05-02 21:13:27,243 INFO: YOLO model loaded successfully [in C:\Users\askik\Desktop\Phone_detection\app.py:52]
2025-05-02 21:13:47,269 INFO: YOLO model loaded successfully [in C:\Users\askik\Desktop\Phone_detection\app.py:52]
2025-05-02 21:13:47,297 INFO: Default setting initialized: camera_start_time [in C:\Users\askik\Desktop\Phone_detection\app.py:307]
2025-05-02 21:13:47,303 INFO: Default setting initialized: camera_end_time [in C:\Users\askik\Desktop\Phone_detection\app.py:307]
2025-05-02 21:13:47,311 INFO: Default setting initialized: blur_faces [in C:\Users\askik\Desktop\Phone_detection\app.py:307]
2025-05-02 21:13:47,319 INFO: Default setting initialized: confidence_threshold [in C:\Users\askik\Desktop\Phone_detection\app.py:307]
2025-05-02 21:13:47,327 INFO: Default setting initialized: email_enabled [in C:\Users\askik\Desktop\Phone_detection\app.py:307]
2025-05-02 21:13:47,335 INFO: Default setting initialized: sms_enabled [in C:\Users\askik\Desktop\Phone_detection\app.py:307]
2025-05-02 21:13:47,344 INFO: Default setting initialized: telegram_enabled [in C:\Users\askik\Desktop\Phone_detection\app.py:307]
2025-05-02 21:13:52,377 INFO: YOLO model loaded successfully [in C:\Users\askik\Desktop\Phone_detection\app.py:52]
2025-05-02 21:14:05,914 ERROR: Error: 404 Not Found: The requested URL was not found on the server. If you entered the URL manually please check your spelling and try again. [in C:\Users\askik\Desktop\Phone_detection\app.py:94]
2025-05-02 21:17:24,354 INFO: YOLO model loaded successfully [in C:\Users\askik\Desktop\Phone_detection\app.py:52]
2025-05-02 21:17:28,688 INFO: YOLO model loaded successfully [in C:\Users\askik\Desktop\Phone_detection\app.py:52]
2025-05-02 21:17:32,186 ERROR: Error: 404 Not Found: The requested URL was not found on the server. If you entered the URL manually please check your spelling and try again. [in C:\Users\askik\Desktop\Phone_detection\app.py:94]
2025-05-02 21:18:24,858 INFO: Settings updated by user admin [in C:\Users\askik\Desktop\Phone_detection\app.py:256]
